<?xml version="1.0" encoding="UTF-8"?>
<!-- Generated by org.testng.reporters.JUnitReportReporter -->
<testsuite hostname="DESKTOP-L85OJ0O" failures="0" tests="1" name="TestEmail" time="35.583" errors="0" timestamp="2020-06-26T15:57:06 IST" skipped="0">
  <testcase classname="TestEmail" name="gmailSignIn" time="35.583"/>
  <system-out/>
</testsuite> <!-- TestEmail -->
